[debug] [2023-04-17T14:34:46.118Z] ----------------------------------------------------------------------
[debug] [2023-04-17T14:34:46.119Z] Command:       /opt/homebrew/Cellar/node/19.8.1/bin/node /opt/homebrew/bin/firebase init
[debug] [2023-04-17T14:34:46.119Z] CLI Version:   11.27.0
[debug] [2023-04-17T14:34:46.120Z] Platform:      darwin
[debug] [2023-04-17T14:34:46.120Z] Node Version:  v19.8.1
[debug] [2023-04-17T14:34:46.120Z] Time:          Mon Apr 17 2023 10:34:46 GMT-0400 (Eastern Daylight Time)
[debug] [2023-04-17T14:34:46.120Z] ----------------------------------------------------------------------
[debug] 
[debug] [2023-04-17T14:34:46.151Z] > command requires scopes: ["email","openid","https://www.googleapis.com/auth/cloudplatformprojects.readonly","https://www.googleapis.com/auth/firebase","https://www.googleapis.com/auth/cloud-platform"]
[debug] [2023-04-17T14:34:46.151Z] > authorizing via signed-in user (nicobazzoni@gmail.com)
[info] 
     ######## #### ########  ######## ########     ###     ######  ########
     ##        ##  ##     ## ##       ##     ##  ##   ##  ##       ##
     ######    ##  ########  ######   ########  #########  ######  ######
     ##        ##  ##    ##  ##       ##     ## ##     ##       ## ##
     ##       #### ##     ## ######## ########  ##     ##  ######  ########

You're about to initialize a Firebase project in this directory:

  /Users/nico/Desktop/apps/firebase-social

Before we get started, keep in mind:

  * You are initializing within an existing Firebase project directory

[info] 
=== Project Setup
[info] 
[info] First, let's associate this project directory with a Firebase project.
[info] You can create multiple project aliases by running firebase use --add, 
[info] but for now we'll just set up a default project.
[info] 
[debug] [2023-04-17T14:34:55.246Z] Using project from CLI flag: fir-social-bdb17
[debug] [2023-04-17T14:34:55.247Z] >>> [apiv2][query] GET https://firebase.googleapis.com/v1beta1/projects/fir-social-bdb17 [none]
[debug] [2023-04-17T14:34:55.618Z] <<< [apiv2][status] GET https://firebase.googleapis.com/v1beta1/projects/fir-social-bdb17 200
[debug] [2023-04-17T14:34:55.618Z] <<< [apiv2][body] GET https://firebase.googleapis.com/v1beta1/projects/fir-social-bdb17 {"projectId":"fir-social-bdb17","projectNumber":"905318547891","displayName":"firebase-social","name":"projects/fir-social-bdb17","resources":{"hostingSite":"fir-social-bdb17","storageBucket":"fir-social-bdb17.appspot.com","locationId":"us-central"},"state":"ACTIVE","etag":"1_161ddf37-22fb-432c-b456-e9c9df30464c"}
[info] i  Using project fir-social-bdb17 (firebase-social) 
[info] 
=== Hosting Setup
[info] 
[info] Your public directory is the folder (relative to your project directory) that
[info] will contain Hosting assets to be uploaded with firebase deploy. If you
[info] have a build process for your assets, use your build's output directory.
[info] 
[debug] [2023-04-17T14:35:26.668Z] >>> [apiv2][query] GET https://www.gstatic.com/firebasejs/releases.json [none]
[debug] [2023-04-17T14:35:26.746Z] <<< [apiv2][status] GET https://www.gstatic.com/firebasejs/releases.json 200
[debug] [2023-04-17T14:35:26.746Z] <<< [apiv2][body] GET https://www.gstatic.com/firebasejs/releases.json {"current":{"version":"9.19.1","browserURL":"https://www.gstatic.com/firebasejs/9.19.1/firebase.js","packageURL":"https://www.gstatic.com/firebasejs/9.19.1/firebase.tgz"},"live":{"version":"9.19","browserURL":"https://www.gstatic.com/firebasejs/live/9.19/firebase.js","packageURL":"https://www.gstatic.com/firebasejs/live/9.19/firebase.tgz"},"components":{"analytics":"https://www.gstatic.com/firebasejs/9.19.1/firebase-analytics.js","app":"https://www.gstatic.com/firebasejs/9.19.1/firebase-app.js","app-check":"https://www.gstatic.com/firebasejs/9.19.1/firebase-app-check.js","auth":"https://www.gstatic.com/firebasejs/9.19.1/firebase-auth.js","auth/cordova":"https://www.gstatic.com/firebasejs/9.19.1/firebase-auth/cordova.js","auth/react-native":"https://www.gstatic.com/firebasejs/9.19.1/firebase-auth/react-native.js","functions":"https://www.gstatic.com/firebasejs/9.19.1/firebase-functions.js","firestore":"https://www.gstatic.com/firebasejs/9.19.1/firebase-firestore.js","firestore/lite":"https://www.gstatic.com/firebasejs/9.19.1/firebase-firestore/lite.js","installations":"https://www.gstatic.com/firebasejs/9.19.1/firebase-installations.js","storage":"https://www.gstatic.com/firebasejs/9.19.1/firebase-storage.js","performance":"https://www.gstatic.com/firebasejs/9.19.1/firebase-performance.js","remote-config":"https://www.gstatic.com/firebasejs/9.19.1/firebase-remote-config.js","messaging":"https://www.gstatic.com/firebasejs/9.19.1/firebase-messaging.js","messaging/sw":"https://www.gstatic.com/firebasejs/9.19.1/firebase-messaging/sw.js","database":"https://www.gstatic.com/firebasejs/9.19.1/firebase-database.js","firestore.memory":"https://www.gstatic.com/firebasejs/9.19.1/firebase-firestore.memory.js"}}
[info] ✔  Wrote build/index.html 
[info] 
[info] i  Detected a .git folder at /Users/nico/Desktop/apps/firebase-social 
[info] i  Authorizing with GitHub to upload your service account to a GitHub repository's secrets store. 
[info] 
[info] Visit this URL on this device to log in:
[info] https://github.com/login/oauth/authorize?client_id=89cf50f02ac6aaed3484&state=50990509&redirect_uri=http%3A%2F%2Flocalhost%3A9005&scope=read%3Auser%20repo%20public_repo
[info] 
[info] Waiting for authentication...
[debug] [2023-04-17T14:35:27.081Z] >>> [apiv2][query] POST https://github.com/login/oauth/access_token [none]
[debug] [2023-04-17T14:35:27.082Z] >>> [apiv2][body] POST https://github.com/login/oauth/access_token [stream]
[debug] [2023-04-17T14:35:27.278Z] <<< [apiv2][status] POST https://github.com/login/oauth/access_token 200
[debug] [2023-04-17T14:35:27.279Z] <<< [apiv2][body] POST https://github.com/login/oauth/access_token {"access_token":"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","token_type":"bearer","scope":"read:user,repo"}
[debug] [2023-04-17T14:35:27.285Z] >>> [apiv2][query] GET https://api.github.com/user [none]
[debug] [2023-04-17T14:35:27.448Z] <<< [apiv2][status] GET https://api.github.com/user 200
[debug] [2023-04-17T14:35:27.448Z] <<< [apiv2][body] GET https://api.github.com/user {"login":"nicobazzoni","id":73714925,"node_id":"MDQ6VXNlcjczNzE0OTI1","avatar_url":"https://avatars.githubusercontent.com/u/73714925?v=4","gravatar_id":"","url":"https://api.github.com/users/nicobazzoni","html_url":"https://github.com/nicobazzoni","followers_url":"https://api.github.com/users/nicobazzoni/followers","following_url":"https://api.github.com/users/nicobazzoni/following{/other_user}","gists_url":"https://api.github.com/users/nicobazzoni/gists{/gist_id}","starred_url":"https://api.github.com/users/nicobazzoni/starred{/owner}{/repo}","subscriptions_url":"https://api.github.com/users/nicobazzoni/subscriptions","organizations_url":"https://api.github.com/users/nicobazzoni/orgs","repos_url":"https://api.github.com/users/nicobazzoni/repos","events_url":"https://api.github.com/users/nicobazzoni/events{/privacy}","received_events_url":"https://api.github.com/users/nicobazzoni/received_events","type":"User","site_admin":false,"name":"nico bazzoni ","company":null,"blog":"","location":null,"email":null,"hireable":null,"bio":null,"twitter_username":null,"public_repos":314,"public_gists":0,"followers":3,"following":3,"created_at":"2020-10-30T17:52:55Z","updated_at":"2023-04-07T23:08:23Z","private_gists":0,"total_private_repos":17,"owned_private_repos":17,"disk_usage":644716,"collaborators":0,"two_factor_authentication":false,"plan":{"name":"free","space":976562499,"collaborators":0,"private_repos":10000}}
[info] 
[info] ✔  Success! Logged into GitHub as nicobazzoni 
[info] 
